<?xml version="1.0" encoding="UTF-8"?>
<testsuite name="com.esc.nyumnyumnyum.NyumnyumnyumApplicationTests" tests="1" skipped="0" failures="0" errors="0" timestamp="2023-12-02T05:43:03" hostname="DESKTOP-89G9RRS" time="0.234">
  <properties/>
  <testcase name="contextLoads()" classname="com.esc.nyumnyumnyum.NyumnyumnyumApplicationTests" time="0.234"/>
  <system-out><![CDATA[14:43:01.578 [Test worker] DEBUG org.springframework.test.context.BootstrapUtils - Instantiating CacheAwareContextLoaderDelegate from class [org.springframework.test.context.cache.DefaultCacheAwareContextLoaderDelegate]
14:43:01.598 [Test worker] DEBUG org.springframework.test.context.BootstrapUtils - Instantiating BootstrapContext using constructor [public org.springframework.test.context.support.DefaultBootstrapContext(java.lang.Class,org.springframework.test.context.CacheAwareContextLoaderDelegate)]
14:43:01.634 [Test worker] DEBUG org.springframework.test.context.BootstrapUtils - Instantiating TestContextBootstrapper for test class [com.esc.nyumnyumnyum.NyumnyumnyumApplicationTests] from class [org.springframework.boot.test.context.SpringBootTestContextBootstrapper]
14:43:01.651 [Test worker] INFO org.springframework.boot.test.context.SpringBootTestContextBootstrapper - Neither @ContextConfiguration nor @ContextHierarchy found for test class [com.esc.nyumnyumnyum.NyumnyumnyumApplicationTests], using SpringBootContextLoader
14:43:01.655 [Test worker] DEBUG org.springframework.test.context.support.AbstractContextLoader - Did not detect default resource location for test class [com.esc.nyumnyumnyum.NyumnyumnyumApplicationTests]: class path resource [com/esc/nyumnyumnyum/NyumnyumnyumApplicationTests-context.xml] does not exist
14:43:01.656 [Test worker] DEBUG org.springframework.test.context.support.AbstractContextLoader - Did not detect default resource location for test class [com.esc.nyumnyumnyum.NyumnyumnyumApplicationTests]: class path resource [com/esc/nyumnyumnyum/NyumnyumnyumApplicationTestsContext.groovy] does not exist
14:43:01.656 [Test worker] INFO org.springframework.test.context.support.AbstractContextLoader - Could not detect default resource locations for test class [com.esc.nyumnyumnyum.NyumnyumnyumApplicationTests]: no resource found for suffixes {-context.xml, Context.groovy}.
14:43:01.657 [Test worker] INFO org.springframework.test.context.support.AnnotationConfigContextLoaderUtils - Could not detect default configuration classes for test class [com.esc.nyumnyumnyum.NyumnyumnyumApplicationTests]: NyumnyumnyumApplicationTests does not declare any static, non-private, non-final, nested classes annotated with @Configuration.
14:43:01.699 [Test worker] DEBUG org.springframework.test.context.support.ActiveProfilesUtils - Could not find an 'annotation declaring class' for annotation type [org.springframework.test.context.ActiveProfiles] and class [com.esc.nyumnyumnyum.NyumnyumnyumApplicationTests]
14:43:01.769 [Test worker] DEBUG org.springframework.context.annotation.ClassPathScanningCandidateComponentProvider - Identified candidate component class: file [C:\Users\SON\Desktop\esc\nyumnyumnyum\build\classes\java\main\com\esc\nyumnyumnyum\NyumnyumnyumApplication.class]
14:43:01.773 [Test worker] INFO org.springframework.boot.test.context.SpringBootTestContextBootstrapper - Found @SpringBootConfiguration com.esc.nyumnyumnyum.NyumnyumnyumApplication for test class com.esc.nyumnyumnyum.NyumnyumnyumApplicationTests
14:43:01.890 [Test worker] DEBUG org.springframework.boot.test.context.SpringBootTestContextBootstrapper - @TestExecutionListeners is not present for class [com.esc.nyumnyumnyum.NyumnyumnyumApplicationTests]: using defaults.
14:43:01.890 [Test worker] INFO org.springframework.boot.test.context.SpringBootTestContextBootstrapper - Loaded default TestExecutionListener class names from location [META-INF/spring.factories]: [org.springframework.boot.test.autoconfigure.restdocs.RestDocsTestExecutionListener, org.springframework.boot.test.autoconfigure.web.client.MockRestServiceServerResetTestExecutionListener, org.springframework.boot.test.autoconfigure.web.servlet.MockMvcPrintOnlyOnFailureTestExecutionListener, org.springframework.boot.test.autoconfigure.web.servlet.WebDriverTestExecutionListener, org.springframework.boot.test.autoconfigure.webservices.client.MockWebServiceServerTestExecutionListener, org.springframework.boot.test.mock.mockito.MockitoTestExecutionListener, org.springframework.boot.test.mock.mockito.ResetMocksTestExecutionListener, org.springframework.test.context.web.ServletTestExecutionListener, org.springframework.test.context.support.DirtiesContextBeforeModesTestExecutionListener, org.springframework.test.context.event.ApplicationEventsTestExecutionListener, org.springframework.test.context.support.DependencyInjectionTestExecutionListener, org.springframework.test.context.support.DirtiesContextTestExecutionListener, org.springframework.test.context.transaction.TransactionalTestExecutionListener, org.springframework.test.context.jdbc.SqlScriptsTestExecutionListener, org.springframework.test.context.event.EventPublishingTestExecutionListener]
14:43:01.904 [Test worker] DEBUG org.springframework.boot.test.context.SpringBootTestContextBootstrapper - Skipping candidate TestExecutionListener [org.springframework.test.context.transaction.TransactionalTestExecutionListener] due to a missing dependency. Specify custom listener classes or make the default listener classes and their required dependencies available. Offending class: [org/springframework/transaction/interceptor/TransactionAttributeSource]
14:43:01.905 [Test worker] DEBUG org.springframework.boot.test.context.SpringBootTestContextBootstrapper - Skipping candidate TestExecutionListener [org.springframework.test.context.jdbc.SqlScriptsTestExecutionListener] due to a missing dependency. Specify custom listener classes or make the default listener classes and their required dependencies available. Offending class: [org/springframework/transaction/interceptor/TransactionAttribute]
14:43:01.905 [Test worker] INFO org.springframework.boot.test.context.SpringBootTestContextBootstrapper - Using TestExecutionListeners: [org.springframework.test.context.web.ServletTestExecutionListener@27216cd, org.springframework.test.context.support.DirtiesContextBeforeModesTestExecutionListener@558bdf1f, org.springframework.test.context.event.ApplicationEventsTestExecutionListener@8576fa0, org.springframework.boot.test.mock.mockito.MockitoTestExecutionListener@7582ff54, org.springframework.boot.test.autoconfigure.SpringBootDependencyInjectionTestExecutionListener@67545b57, org.springframework.test.context.support.DirtiesContextTestExecutionListener@6c2c1385, org.springframework.test.context.event.EventPublishingTestExecutionListener@5f354bcf, org.springframework.boot.test.autoconfigure.restdocs.RestDocsTestExecutionListener@3daf7722, org.springframework.boot.test.autoconfigure.web.client.MockRestServiceServerResetTestExecutionListener@78641d23, org.springframework.boot.test.autoconfigure.web.servlet.MockMvcPrintOnlyOnFailureTestExecutionListener@74589991, org.springframework.boot.test.autoconfigure.web.servlet.WebDriverTestExecutionListener@146dfe6, org.springframework.boot.test.autoconfigure.webservices.client.MockWebServiceServerTestExecutionListener@4716be8b, org.springframework.boot.test.mock.mockito.ResetMocksTestExecutionListener@1fc32e4f]
14:43:01.910 [Test worker] DEBUG org.springframework.test.context.support.AbstractDirtiesContextTestExecutionListener - Before test class: context [DefaultTestContext@4ae9cfc1 testClass = NyumnyumnyumApplicationTests, testInstance = [null], testMethod = [null], testException = [null], mergedContextConfiguration = [WebMergedContextConfiguration@512baff6 testClass = NyumnyumnyumApplicationTests, locations = '{}', classes = '{class com.esc.nyumnyumnyum.NyumnyumnyumApplication}', contextInitializerClasses = '[]', activeProfiles = '{}', propertySourceLocations = '{}', propertySourceProperties = '{org.springframework.boot.test.context.SpringBootTestContextBootstrapper=true}', contextCustomizers = set[org.springframework.boot.test.autoconfigure.actuate.metrics.MetricsExportContextCustomizerFactory$DisableMetricExportContextCustomizer@2034b64c, org.springframework.boot.test.autoconfigure.properties.PropertyMappingContextCustomizer@0, org.springframework.boot.test.autoconfigure.web.servlet.WebDriverContextCustomizerFactory$Customizer@1349883, org.springframework.boot.test.context.filter.ExcludeFilterContextCustomizer@8519cb4, org.springframework.boot.test.json.DuplicateJsonObjectContextCustomizerFactory$DuplicateJsonObjectContextCustomizer@3ba987b8, org.springframework.boot.test.mock.mockito.MockitoContextCustomizer@0, org.springframework.boot.test.web.client.TestRestTemplateContextCustomizer@2767e23c, org.springframework.boot.test.context.SpringBootTestArgs@1, org.springframework.boot.test.context.SpringBootTestWebEnvironment@2bbf180e], resourceBasePath = 'src/main/webapp', contextLoader = 'org.springframework.boot.test.context.SpringBootContextLoader', parent = [null]], attributes = map['org.springframework.test.context.web.ServletTestExecutionListener.activateListener' -> true]], class annotated with @DirtiesContext [false] with mode [null].
14:43:01.946 [Test worker] DEBUG org.springframework.test.context.support.TestPropertySourceUtils - Adding inlined properties to environment: {spring.jmx.enabled=false, org.springframework.boot.test.context.SpringBootTestContextBootstrapper=true}

  .   ____          _            __ _ _
 /\\ / ___'_ __ _ _(_)_ __  __ _ \ \ \ \
( ( )\___ | '_ | '_| | '_ \/ _` | \ \ \ \
 \\/  ___)| |_)| | | | | || (_| |  ) ) ) )
  '  |____| .__|_| |_|_| |_\__, | / / / /
 =========|_|==============|___/=/_/_/_/
 :: Spring Boot ::                (v2.5.5)

2023-12-02 14:43:02.234  INFO 13392 --- [    Test worker] c.e.n.NyumnyumnyumApplicationTests       : Starting NyumnyumnyumApplicationTests using Java 1.8.0_333 on DESKTOP-89G9RRS with PID 13392 (started by SON in C:\Users\SON\Desktop\esc\nyumnyumnyum)
2023-12-02 14:43:02.236  INFO 13392 --- [    Test worker] c.e.n.NyumnyumnyumApplicationTests       : No active profile set, falling back to default profiles: default
2023-12-02 14:43:03.694  INFO 13392 --- [    Test worker] c.e.n.NyumnyumnyumApplicationTests       : Started NyumnyumnyumApplicationTests in 1.74 seconds (JVM running for 3.417)
]]></system-out>
  <system-err><![CDATA[]]></system-err>
</testsuite>
